<?xml version="1.0" encoding="UTF-8"?>
<!-- Generated by org.testng.reporters.JUnitXMLReporter -->
<testsuite hostname="CS-GAGANDEEP-WS" name="Default test" tests="3" failures="0" timestamp="17 Jun 2016 13:14:54 GMT" time="0.03" errors="0">
  <testcase name="testFirst" time="0.01" classname="com.cloudsmartz.ordertest.Demo"/>
  <testcase name="testThird" time="0.002" classname="com.cloudsmartz.ordertest.Demo"/>
  <testcase name="testUecond" time="0.002" classname="com.cloudsmartz.ordertest.Demo"/>
</testsuite> <!-- Default test -->
