<?xml version="1.0" encoding="UTF-8"?>
<testng-results skipped="0" failed="0" total="2" passed="2">
  <reporter-output>
  </reporter-output>
  <suite name="Suite1" duration-ms="27" started-at="2016-06-22T10:18:58Z" finished-at="2016-06-22T10:18:59Z">
    <groups>
    </groups>
    <test name="test1" duration-ms="27" started-at="2016-06-22T10:18:58Z" finished-at="2016-06-22T10:18:59Z">
      <class name="com.test.grouptest.NewTest2">
        <test-method status="PASS" signature="test2()[pri:2, instance:com.test.grouptest.NewTest2@4dfe96f2]" test-instance-name="" name="test2" duration-ms="9" started-at="2016-06-22T15:48:58Z" finished-at="2016-06-22T15:48:59Z">
          <reporter-output>
          </reporter-output>
        </test-method> <!-- test2 -->
      </class> <!-- com.test.grouptest.NewTest2 -->
      <class name="com.test.grouptest.CNewTest">
        <test-method status="PASS" signature="test1()[pri:4, instance:com.test.grouptest.CNewTest@30232e5a]" test-instance-name="" name="test1" duration-ms="2" started-at="2016-06-22T15:48:59Z" finished-at="2016-06-22T15:48:59Z">
          <reporter-output>
          </reporter-output>
        </test-method> <!-- test1 -->
      </class> <!-- com.test.grouptest.CNewTest -->
    </test> <!-- test1 -->
  </suite> <!-- Suite1 -->
</testng-results>
